This file contains any messages produced by compilers while
running configure, to aid debugging if configure makes a mistake.

It was created by megatools configure 1.9.94, which was
generated by GNU Autoconf 2.69.  Invocation command line was

  $ ./configure 

## --------- ##
## Platform. ##
## --------- ##

hostname = raspberrypi
uname -m = armv6l
uname -r = 3.6.11+
uname -s = Linux
uname -v = #397 PREEMPT Mon Mar 18 22:17:49 GMT 2013

/usr/bin/uname -p = unknown
/bin/uname -X     = unknown

/bin/arch              = unknown
/usr/bin/arch -k       = unknown
/usr/convex/getsysinfo = unknown
/usr/bin/hostinfo      = unknown
/bin/machine           = unknown
/usr/bin/oslevel       = unknown
/bin/universe          = unknown

PATH: /usr/local/sbin
PATH: /usr/local/bin
PATH: /usr/sbin
PATH: /usr/bin
PATH: /sbin
PATH: /bin
PATH: /usr/local/games
PATH: /usr/games


## ----------- ##
## Core tests. ##
## ----------- ##

configure:2253: checking for a BSD-compatible install
configure:2321: result: /usr/bin/install -c
configure:2332: checking whether build environment is sane
configure:2387: result: yes
configure:2538: checking for a thread-safe mkdir -p
configure:2577: result: /bin/mkdir -p
configure:2584: checking for gawk
configure:2614: result: no
configure:2584: checking for mawk
configure:2600: found /usr/bin/mawk
configure:2611: result: mawk
configure:2622: checking whether make sets $(MAKE)
configure:2644: result: yes
configure:2673: checking whether make supports nested variables
configure:2690: result: yes
configure:2816: checking whether to enable maintainer-specific portions of Makefiles
configure:2825: result: no
configure:2849: checking whether make supports nested variables
configure:2866: result: yes
configure:2926: checking for gcc
configure:2942: found /usr/bin/gcc
configure:2953: result: gcc
configure:3182: checking for C compiler version
configure:3191: gcc --version >&5
gcc (Debian 4.6.3-14+rpi1) 4.6.3
Copyright (C) 2011 Free Software Foundation, Inc.
This is free software; see the source for copying conditions.  There is NO
warranty; not even for MERCHANTABILITY or FITNESS FOR A PARTICULAR PURPOSE.

configure:3202: $? = 0
configure:3191: gcc -v >&5
Using built-in specs.
COLLECT_GCC=gcc
COLLECT_LTO_WRAPPER=/usr/lib/gcc/arm-linux-gnueabihf/4.6/lto-wrapper
Target: arm-linux-gnueabihf
Configured with: ../src/configure -v --with-pkgversion='Debian 4.6.3-14+rpi1' --with-bugurl=file:///usr/share/doc/gcc-4.6/README.Bugs --enable-languages=c,c++,fortran,objc,obj-c++ --prefix=/usr --program-suffix=-4.6 --enable-shared --enable-linker-build-id --with-system-zlib --libexecdir=/usr/lib --without-included-gettext --enable-threads=posix --with-gxx-include-dir=/usr/include/c++/4.6 --libdir=/usr/lib --enable-nls --with-sysroot=/ --enable-clocale=gnu --enable-libstdcxx-debug --enable-libstdcxx-time=yes --enable-gnu-unique-object --enable-plugin --enable-objc-gc --disable-sjlj-exceptions --with-arch=armv6 --with-fpu=vfp --with-float=hard --enable-checking=release --build=arm-linux-gnueabihf --host=arm-linux-gnueabihf --target=arm-linux-gnueabihf
Thread model: posix
gcc version 4.6.3 (Debian 4.6.3-14+rpi1) 
configure:3202: $? = 0
configure:3191: gcc -V >&5
gcc: error: unrecognized option '-V'
gcc: fatal error: no input files
compilation terminated.
configure:3202: $? = 4
configure:3191: gcc -qversion >&5
gcc: error: unrecognized option '-qversion'
gcc: fatal error: no input files
compilation terminated.
configure:3202: $? = 4
configure:3222: checking whether the C compiler works
configure:3244: gcc    conftest.c  >&5
configure:3248: $? = 0
configure:3296: result: yes
configure:3299: checking for C compiler default output file name
configure:3301: result: a.out
configure:3307: checking for suffix of executables
configure:3314: gcc -o conftest    conftest.c  >&5
configure:3318: $? = 0
configure:3340: result: 
configure:3362: checking whether we are cross compiling
configure:3370: gcc -o conftest    conftest.c  >&5
configure:3374: $? = 0
configure:3381: ./conftest
configure:3385: $? = 0
configure:3400: result: no
configure:3405: checking for suffix of object files
configure:3427: gcc -c   conftest.c >&5
configure:3431: $? = 0
configure:3452: result: o
configure:3456: checking whether we are using the GNU C compiler
configure:3475: gcc -c   conftest.c >&5
configure:3475: $? = 0
configure:3484: result: yes
configure:3493: checking whether gcc accepts -g
configure:3513: gcc -c -g  conftest.c >&5
configure:3513: $? = 0
configure:3554: result: yes
configure:3571: checking for gcc option to accept ISO C89
configure:3634: gcc  -c -g -O2  conftest.c >&5
configure:3634: $? = 0
configure:3647: result: none needed
configure:3672: checking whether gcc understands -c and -o together
configure:3694: gcc -c conftest.c -o conftest2.o
configure:3697: $? = 0
configure:3694: gcc -c conftest.c -o conftest2.o
configure:3697: $? = 0
configure:3709: result: yes
configure:3737: checking for style of include used by make
configure:3765: result: GNU
configure:3791: checking dependency style of gcc
configure:3902: result: gcc3
configure:3922: checking build system type
configure:3936: result: armv6l-unknown-linux-gnueabihf
configure:3956: checking host system type
configure:3969: result: armv6l-unknown-linux-gnueabihf
configure:4338: checking how to print strings
configure:4365: result: printf
configure:4386: checking for a sed that does not truncate output
configure:4450: result: /bin/sed
configure:4468: checking for grep that handles long lines and -e
configure:4526: result: /bin/grep
configure:4531: checking for egrep
configure:4593: result: /bin/grep -E
configure:4598: checking for fgrep
configure:4660: result: /bin/grep -F
configure:4695: checking for ld used by gcc
configure:4762: result: /usr/bin/ld
configure:4769: checking if the linker (/usr/bin/ld) is GNU ld
configure:4784: result: yes
configure:4796: checking for BSD- or MS-compatible name lister (nm)
configure:4850: result: /usr/bin/nm -B
configure:4980: checking the name lister (/usr/bin/nm -B) interface
configure:4987: gcc -c -g -O2  conftest.c >&5
configure:4990: /usr/bin/nm -B "conftest.o"
configure:4993: output
00000000 B some_variable
configure:5000: result: BSD nm
configure:5003: checking whether ln -s works
configure:5007: result: yes
configure:5015: checking the maximum length of command line arguments
configure:5146: result: 1572864
configure:5194: checking how to convert armv6l-unknown-linux-gnueabihf file names to armv6l-unknown-linux-gnueabihf format
configure:5234: result: func_convert_file_noop
configure:5241: checking how to convert armv6l-unknown-linux-gnueabihf file names to toolchain format
configure:5261: result: func_convert_file_noop
configure:5268: checking for /usr/bin/ld option to reload object files
configure:5275: result: -r
configure:5349: checking for objdump
configure:5376: result: objdump
configure:5405: checking how to recognize dependent libraries
configure:5605: result: pass_all
configure:5690: checking for dlltool
configure:5717: result: dlltool
configure:5747: checking how to associate runtime and link libraries
configure:5774: result: printf %s\n
configure:5835: checking for ar
configure:5851: found /usr/bin/ar
configure:5862: result: ar
configure:5899: checking for archiver @FILE support
configure:5916: gcc -c -g -O2  conftest.c >&5
configure:5916: $? = 0
configure:5919: ar cru libconftest.a @conftest.lst >&5
configure:5922: $? = 0
configure:5927: ar cru libconftest.a @conftest.lst >&5
ar: conftest.o: No such file or directory
configure:5930: $? = 1
configure:5942: result: @
configure:6000: checking for strip
configure:6016: found /usr/bin/strip
configure:6027: result: strip
configure:6099: checking for ranlib
configure:6115: found /usr/bin/ranlib
configure:6126: result: ranlib
configure:6228: checking command to parse /usr/bin/nm -B output from gcc object
configure:6381: gcc -c -g -O2  conftest.c >&5
configure:6384: $? = 0
configure:6388: /usr/bin/nm -B conftest.o \| sed -n -e 's/^.*[ ]\([ABCDGIRSTW][ABCDGIRSTW]*\)[ ][ ]*\([_A-Za-z][_A-Za-z0-9]*\)$/\1 \2 \2/p' | sed '/ __gnu_lto/d' \> conftest.nm
configure:6391: $? = 0
configure:6457: gcc -o conftest -g -O2   conftest.c conftstm.o >&5
configure:6460: $? = 0
configure:6498: result: ok
configure:6545: checking for sysroot
configure:6575: result: no
configure:6582: checking for a working dd
configure:6620: result: /bin/dd
configure:6624: checking how to truncate binary pipes
configure:6639: result: /bin/dd bs=4096 count=1
configure:6953: checking for mt
configure:6969: found /bin/mt
configure:6980: result: mt
configure:7003: checking if mt is a manifest tool
configure:7009: mt '-?'
configure:7017: result: no
configure:7659: checking how to run the C preprocessor
configure:7690: gcc -E  conftest.c
configure:7690: $? = 0
configure:7704: gcc -E  conftest.c
conftest.c:11:28: fatal error: ac_nonexistent.h: No such file or directory
compilation terminated.
configure:7704: $? = 1
configure: failed program was:
| /* confdefs.h */
| #define PACKAGE_NAME "megatools"
| #define PACKAGE_TARNAME "megatools"
| #define PACKAGE_VERSION "1.9.94"
| #define PACKAGE_STRING "megatools 1.9.94"
| #define PACKAGE_BUGREPORT "megous@megous.com"
| #define PACKAGE_URL ""
| #define PACKAGE "megatools"
| #define VERSION "1.9.94"
| /* end confdefs.h.  */
| #include <ac_nonexistent.h>
configure:7729: result: gcc -E
configure:7749: gcc -E  conftest.c
configure:7749: $? = 0
configure:7763: gcc -E  conftest.c
conftest.c:11:28: fatal error: ac_nonexistent.h: No such file or directory
compilation terminated.
configure:7763: $? = 1
configure: failed program was:
| /* confdefs.h */
| #define PACKAGE_NAME "megatools"
| #define PACKAGE_TARNAME "megatools"
| #define PACKAGE_VERSION "1.9.94"
| #define PACKAGE_STRING "megatools 1.9.94"
| #define PACKAGE_BUGREPORT "megous@megous.com"
| #define PACKAGE_URL ""
| #define PACKAGE "megatools"
| #define VERSION "1.9.94"
| /* end confdefs.h.  */
| #include <ac_nonexistent.h>
configure:7792: checking for ANSI C header files
configure:7812: gcc -c -g -O2  conftest.c >&5
configure:7812: $? = 0
configure:7885: gcc -o conftest -g -O2   conftest.c  >&5
configure:7885: $? = 0
configure:7885: ./conftest
configure:7885: $? = 0
configure:7896: result: yes
configure:7909: checking for sys/types.h
configure:7909: gcc -c -g -O2  conftest.c >&5
configure:7909: $? = 0
configure:7909: result: yes
configure:7909: checking for sys/stat.h
configure:7909: gcc -c -g -O2  conftest.c >&5
configure:7909: $? = 0
configure:7909: result: yes
configure:7909: checking for stdlib.h
configure:7909: gcc -c -g -O2  conftest.c >&5
configure:7909: $? = 0
configure:7909: result: yes
configure:7909: checking for string.h
configure:7909: gcc -c -g -O2  conftest.c >&5
configure:7909: $? = 0
configure:7909: result: yes
configure:7909: checking for memory.h
configure:7909: gcc -c -g -O2  conftest.c >&5
configure:7909: $? = 0
configure:7909: result: yes
configure:7909: checking for strings.h
configure:7909: gcc -c -g -O2  conftest.c >&5
configure:7909: $? = 0
configure:7909: result: yes
configure:7909: checking for inttypes.h
configure:7909: gcc -c -g -O2  conftest.c >&5
configure:7909: $? = 0
configure:7909: result: yes
configure:7909: checking for stdint.h
configure:7909: gcc -c -g -O2  conftest.c >&5
configure:7909: $? = 0
configure:7909: result: yes
configure:7909: checking for unistd.h
configure:7909: gcc -c -g -O2  conftest.c >&5
configure:7909: $? = 0
configure:7909: result: yes
configure:7923: checking for dlfcn.h
configure:7923: gcc -c -g -O2  conftest.c >&5
configure:7923: $? = 0
configure:7923: result: yes
configure:8177: checking for objdir
configure:8192: result: .libs
configure:8463: checking if gcc supports -fno-rtti -fno-exceptions
configure:8481: gcc -c -g -O2  -fno-rtti -fno-exceptions conftest.c >&5
cc1: warning: command line option '-fno-rtti' is valid for C++/ObjC++ but not for C [enabled by default]
configure:8485: $? = 0
configure:8498: result: no
configure:8856: checking for gcc option to produce PIC
configure:8863: result: -fPIC -DPIC
configure:8871: checking if gcc PIC flag -fPIC -DPIC works
configure:8889: gcc -c -g -O2  -fPIC -DPIC -DPIC conftest.c >&5
configure:8893: $? = 0
configure:8906: result: yes
configure:8935: checking if gcc static flag -static works
configure:8963: result: yes
configure:8978: checking if gcc supports -c -o file.o
configure:8999: gcc -c -g -O2  -o out/conftest2.o conftest.c >&5
configure:9003: $? = 0
configure:9025: result: yes
configure:9033: checking if gcc supports -c -o file.o
configure:9080: result: yes
configure:9113: checking whether the gcc linker (/usr/bin/ld) supports shared libraries
configure:10372: result: yes
configure:10409: checking whether -lc should be explicitly linked in
configure:10417: gcc -c -g -O2  conftest.c >&5
configure:10420: $? = 0
configure:10435: gcc -shared  -fPIC -DPIC conftest.o  -v -Wl,-soname -Wl,conftest -o conftest 2\>\&1 \| /bin/grep  -lc  \>/dev/null 2\>\&1
configure:10438: $? = 0
configure:10452: result: no
configure:10612: checking dynamic linker characteristics
configure:11189: gcc -o conftest -g -O2   -Wl,-rpath -Wl,/foo conftest.c  >&5
configure:11189: $? = 0
configure:11421: result: GNU/Linux ld.so
configure:11528: checking how to hardcode library paths into programs
configure:11553: result: immediate
configure:12101: checking whether stripping libraries is possible
configure:12106: result: yes
configure:12141: checking if libtool supports shared libraries
configure:12143: result: yes
configure:12146: checking whether to build shared libraries
configure:12171: result: yes
configure:12174: checking whether to build static libraries
configure:12178: result: yes
configure:12215: checking for ANSI C header files
configure:12319: result: yes
configure:12436: checking for pkg-config
configure:12454: found /usr/bin/pkg-config
configure:12466: result: /usr/bin/pkg-config
configure:12491: checking pkg-config is at least version 0.16
configure:12494: result: yes
configure:12511: checking for GLIB - version >= 2.32.0
configure:12623: gcc -o conftest -g -O2 -pthread -I/usr/include/glib-2.0 -I/usr/lib/arm-linux-gnueabihf/glib-2.0/include     conftest.c -lgio-2.0 -lgobject-2.0 -lglib-2.0    >&5
configure:12623: $? = 0
configure:12623: ./conftest
configure:12623: $? = 0
configure:12637: result: yes (version 2.40.0)
configure:12722: checking for gobject-introspection
configure:12753: $PKG_CONFIG --exists --print-errors "gobject-introspection-1.0 >= $GOBJECT_INTROSPECTION_VERSION"
configure:12756: $? = 0
configure:12768: result: yes
configure:12822: checking for OPENSSL
configure:12829: $PKG_CONFIG --exists --print-errors "$OPENSSL_REQUIRES"
configure:12832: $? = 0
configure:12846: $PKG_CONFIG --exists --print-errors "$OPENSSL_REQUIRES"
configure:12849: $? = 0
configure:12907: result: yes
configure:12917: checking for LIBCURL
configure:12924: $PKG_CONFIG --exists --print-errors "$LIBCURL_REQUIRES"
configure:12927: $? = 0
configure:12941: $PKG_CONFIG --exists --print-errors "$LIBCURL_REQUIRES"
configure:12944: $? = 0
configure:13002: result: yes
configure:13020: checking for FUSE
configure:13027: $PKG_CONFIG --exists --print-errors "$FUSE_REQUIRES"
Package fuse was not found in the pkg-config search path.
Perhaps you should add the directory containing `fuse.pc'
to the PKG_CONFIG_PATH environment variable
No package 'fuse' found
configure:13030: $? = 1
configure:13044: $PKG_CONFIG --exists --print-errors "$FUSE_REQUIRES"
Package fuse was not found in the pkg-config search path.
Perhaps you should add the directory containing `fuse.pc'
to the PKG_CONFIG_PATH environment variable
No package 'fuse' found
configure:13047: $? = 1
configure:13061: result: no
No package 'fuse' found
configure:13118: checking for GLIBTESTS
configure:13125: $PKG_CONFIG --exists --print-errors "glib-2.0 >= 2.34.0"
configure:13128: $? = 0
configure:13142: $PKG_CONFIG --exists --print-errors "glib-2.0 >= 2.34.0"
configure:13145: $? = 0
configure:13183: result: yes
configure:13396: checking that generated files are newer than configure
configure:13402: result: done
configure:13449: creating ./config.status

## ---------------------- ##
## Running config.status. ##
## ---------------------- ##

This file was extended by megatools config.status 1.9.94, which was
generated by GNU Autoconf 2.69.  Invocation command line was

  CONFIG_FILES    = 
  CONFIG_HEADERS  = 
  CONFIG_LINKS    = 
  CONFIG_COMMANDS = 
  $ ./config.status 

on raspberrypi

config.status:1125: creating Makefile
config.status:1125: creating libmega.pc
config.status:1125: creating config.h
config.status:1354: executing depfiles commands
config.status:1354: executing libtool commands

## ---------------- ##
## Cache variables. ##
## ---------------- ##

ac_cv_build=armv6l-unknown-linux-gnueabihf
ac_cv_c_compiler_gnu=yes
ac_cv_env_CC_set=
ac_cv_env_CC_value=
ac_cv_env_CFLAGS_set=
ac_cv_env_CFLAGS_value=
ac_cv_env_CPPFLAGS_set=
ac_cv_env_CPPFLAGS_value=
ac_cv_env_CPP_set=
ac_cv_env_CPP_value=
ac_cv_env_FUSE_CFLAGS_set=
ac_cv_env_FUSE_CFLAGS_value=
ac_cv_env_FUSE_LIBS_set=
ac_cv_env_FUSE_LIBS_value=
ac_cv_env_GLIBTESTS_CFLAGS_set=
ac_cv_env_GLIBTESTS_CFLAGS_value=
ac_cv_env_GLIBTESTS_LIBS_set=
ac_cv_env_GLIBTESTS_LIBS_value=
ac_cv_env_LDFLAGS_set=
ac_cv_env_LDFLAGS_value=
ac_cv_env_LIBCURL_CFLAGS_set=
ac_cv_env_LIBCURL_CFLAGS_value=
ac_cv_env_LIBCURL_LIBS_set=
ac_cv_env_LIBCURL_LIBS_value=
ac_cv_env_LIBS_set=
ac_cv_env_LIBS_value=
ac_cv_env_OPENSSL_CFLAGS_set=
ac_cv_env_OPENSSL_CFLAGS_value=
ac_cv_env_OPENSSL_LIBS_set=
ac_cv_env_OPENSSL_LIBS_value=
ac_cv_env_PKG_CONFIG_LIBDIR_set=
ac_cv_env_PKG_CONFIG_LIBDIR_value=
ac_cv_env_PKG_CONFIG_PATH_set=
ac_cv_env_PKG_CONFIG_PATH_value=
ac_cv_env_PKG_CONFIG_set=
ac_cv_env_PKG_CONFIG_value=
ac_cv_env_build_alias_set=
ac_cv_env_build_alias_value=
ac_cv_env_host_alias_set=
ac_cv_env_host_alias_value=
ac_cv_env_target_alias_set=
ac_cv_env_target_alias_value=
ac_cv_header_dlfcn_h=yes
ac_cv_header_inttypes_h=yes
ac_cv_header_memory_h=yes
ac_cv_header_stdc=yes
ac_cv_header_stdint_h=yes
ac_cv_header_stdlib_h=yes
ac_cv_header_string_h=yes
ac_cv_header_strings_h=yes
ac_cv_header_sys_stat_h=yes
ac_cv_header_sys_types_h=yes
ac_cv_header_unistd_h=yes
ac_cv_host=armv6l-unknown-linux-gnueabihf
ac_cv_objext=o
ac_cv_path_EGREP='/bin/grep -E'
ac_cv_path_FGREP='/bin/grep -F'
ac_cv_path_GREP=/bin/grep
ac_cv_path_SED=/bin/sed
ac_cv_path_ac_pt_PKG_CONFIG=/usr/bin/pkg-config
ac_cv_path_install='/usr/bin/install -c'
ac_cv_path_lt_DD=/bin/dd
ac_cv_path_mkdir=/bin/mkdir
ac_cv_prog_AWK=mawk
ac_cv_prog_CPP='gcc -E'
ac_cv_prog_ac_ct_AR=ar
ac_cv_prog_ac_ct_CC=gcc
ac_cv_prog_ac_ct_DLLTOOL=dlltool
ac_cv_prog_ac_ct_MANIFEST_TOOL=mt
ac_cv_prog_ac_ct_OBJDUMP=objdump
ac_cv_prog_ac_ct_RANLIB=ranlib
ac_cv_prog_ac_ct_STRIP=strip
ac_cv_prog_cc_c89=
ac_cv_prog_cc_g=yes
ac_cv_prog_make_make_set=yes
am_cv_CC_dependencies_compiler_type=gcc3
am_cv_make_support_nested_variables=yes
am_cv_prog_cc_c_o=yes
lt_cv_ar_at_file=@
lt_cv_archive_cmds_need_lc=no
lt_cv_deplibs_check_method=pass_all
lt_cv_file_magic_cmd='$MAGIC_CMD'
lt_cv_file_magic_test_file=
lt_cv_ld_reload_flag=-r
lt_cv_nm_interface='BSD nm'
lt_cv_objdir=.libs
lt_cv_path_LD=/usr/bin/ld
lt_cv_path_NM='/usr/bin/nm -B'
lt_cv_path_mainfest_tool=no
lt_cv_prog_compiler_c_o=yes
lt_cv_prog_compiler_pic='-fPIC -DPIC'
lt_cv_prog_compiler_pic_works=yes
lt_cv_prog_compiler_rtti_exceptions=no
lt_cv_prog_compiler_static_works=yes
lt_cv_prog_gnu_ld=yes
lt_cv_sharedlib_from_linklib_cmd='printf %s\n'
lt_cv_shlibpath_overrides_runpath=no
lt_cv_sys_global_symbol_pipe='sed -n -e '\''s/^.*[	 ]\([ABCDGIRSTW][ABCDGIRSTW]*\)[	 ][	 ]*\([_A-Za-z][_A-Za-z0-9]*\)$/\1 \2 \2/p'\'' | sed '\''/ __gnu_lto/d'\'''
lt_cv_sys_global_symbol_to_c_name_address='sed -n -e '\''s/^: \(.*\) .*$/  {"\1", (void *) 0},/p'\'' -e '\''s/^[ABCDGIRSTW][ABCDGIRSTW]* .* \(.*\)$/  {"\1", (void *) \&\1},/p'\'''
lt_cv_sys_global_symbol_to_c_name_address_lib_prefix='sed -n -e '\''s/^: \(.*\) .*$/  {"\1", (void *) 0},/p'\'' -e '\''s/^[ABCDGIRSTW][ABCDGIRSTW]* .* \(lib.*\)$/  {"\1", (void *) \&\1},/p'\'' -e '\''s/^[ABCDGIRSTW][ABCDGIRSTW]* .* \(.*\)$/  {"lib\1", (void *) \&\1},/p'\'''
lt_cv_sys_global_symbol_to_cdecl='sed -n -e '\''s/^T .* \(.*\)$/extern int \1();/p'\'' -e '\''s/^[ABCDGIRSTW][ABCDGIRSTW]* .* \(.*\)$/extern char \1;/p'\'''
lt_cv_sys_global_symbol_to_import=
lt_cv_sys_max_cmd_len=1572864
lt_cv_to_host_file_cmd=func_convert_file_noop
lt_cv_to_tool_file_cmd=func_convert_file_noop
lt_cv_truncate_bin='/bin/dd bs=4096 count=1'
pkg_cv_GLIBTESTS_CFLAGS='-I/usr/include/glib-2.0 -I/usr/lib/arm-linux-gnueabihf/glib-2.0/include  '
pkg_cv_GLIBTESTS_LIBS='-lglib-2.0  '
pkg_cv_LIBCURL_CFLAGS=' '
pkg_cv_LIBCURL_LIBS='-lcurl  '
pkg_cv_OPENSSL_CFLAGS=' '
pkg_cv_OPENSSL_LIBS='-lssl -lcrypto  '

## ----------------- ##
## Output variables. ##
## ----------------- ##

A2X=''
ACLOCAL='${SHELL} /home/chris/megatools/megatools-1.9.94/missing aclocal-1.14'
AMDEPBACKSLASH='\'
AMDEP_FALSE='#'
AMDEP_TRUE=''
AMTAR='$${TAR-tar}'
AM_BACKSLASH='\'
AM_DEFAULT_V='$(AM_DEFAULT_VERBOSITY)'
AM_DEFAULT_VERBOSITY='0'
AM_V='$(V)'
AR='ar'
AS='as'
AUTOCONF='${SHELL} /home/chris/megatools/megatools-1.9.94/missing autoconf'
AUTOHEADER='${SHELL} /home/chris/megatools/megatools-1.9.94/missing autoheader'
AUTOMAKE='${SHELL} /home/chris/megatools/megatools-1.9.94/missing automake-1.14'
AWK='mawk'
CC='gcc'
CCDEPMODE='depmode=gcc3'
CFLAGS='-g -O2 -Wno-pointer-sign -Wno-unused-variable'
CPP='gcc -E'
CPPFLAGS=''
CYGPATH_W='echo'
DEFS='-DHAVE_CONFIG_H'
DEPDIR='.deps'
DLLTOOL='dlltool'
DSYMUTIL=''
DUMPBIN=''
ECHO_C=''
ECHO_N='-n'
ECHO_T=''
EGREP='/bin/grep -E'
ENABLE_DOCS_BUILD_FALSE=''
ENABLE_DOCS_BUILD_TRUE='#'
ENABLE_FUSE_FALSE=''
ENABLE_FUSE_TRUE='#'
ENABLE_TESTS_FALSE='#'
ENABLE_TESTS_TRUE=''
EXEEXT=''
FGREP='/bin/grep -F'
FUSE_CFLAGS=''
FUSE_LIBS=''
GLIBTESTS_CFLAGS='-I/usr/include/glib-2.0 -I/usr/lib/arm-linux-gnueabihf/glib-2.0/include  '
GLIBTESTS_LIBS='-lglib-2.0  '
GLIB_CFLAGS='-pthread -I/usr/include/glib-2.0 -I/usr/lib/arm-linux-gnueabihf/glib-2.0/include  '
GLIB_COMPILE_RESOURCES='/usr/lib/arm-linux-gnueabihf/glib-2.0/glib-compile-resources'
GLIB_GENMARSHAL='glib-genmarshal'
GLIB_LIBS='-lgio-2.0 -lgobject-2.0 -lglib-2.0  '
GLIB_MAKEFILE='$(top_srcdir)/Makefile.glib'
GLIB_MKENUMS='glib-mkenums'
GOBJECT_QUERY='gobject-query'
GREP='/bin/grep'
HAVE_INTROSPECTION_FALSE='#'
HAVE_INTROSPECTION_TRUE=''
INSTALL_DATA='${INSTALL} -m 644'
INSTALL_PROGRAM='${INSTALL}'
INSTALL_SCRIPT='${INSTALL}'
INSTALL_STRIP_PROGRAM='$(install_sh) -c -s'
INTROSPECTION_CFLAGS='-pthread -I/usr/include/glib-2.0 -I/usr/lib/arm-linux-gnueabihf/glib-2.0/include -I/usr/include/gobject-introspection-1.0  '
INTROSPECTION_COMPILER='/usr/bin/g-ir-compiler'
INTROSPECTION_GENERATE='/usr/bin/g-ir-generate'
INTROSPECTION_GIRDIR='/usr/share/gir-1.0'
INTROSPECTION_LIBS='-lgirepository-1.0 -lgobject-2.0 -lglib-2.0  '
INTROSPECTION_MAKEFILE='/usr/share/gobject-introspection-1.0/Makefile.introspection'
INTROSPECTION_SCANNER='/usr/bin/g-ir-scanner'
INTROSPECTION_TYPELIBDIR='/usr/lib/girepository-1.0'
LD='/usr/bin/ld'
LDFLAGS=''
LIBCURL_CFLAGS=' '
LIBCURL_LIBS='-lcurl  '
LIBOBJS=''
LIBS=''
LIBTOOL='$(SHELL) $(top_builddir)/libtool'
LIB_MEGA_VERSION='0:0:0'
LIPO=''
LN_S='ln -s'
LTLIBOBJS=''
MAINT='#'
MAINTAINER_MODE_FALSE=''
MAINTAINER_MODE_TRUE='#'
MAKEINFO='${SHELL} /home/chris/megatools/megatools-1.9.94/missing makeinfo'
MANIFEST_TOOL=':'
MEGA_REQUIRES='gio-2.0 >= 2.32.0 libcurl openssl'
MKDIR_P='/bin/mkdir -p'
NM='/usr/bin/nm -B'
NMEDIT=''
OBJDUMP='objdump'
OBJEXT='o'
OPENSSL_CFLAGS=' '
OPENSSL_LIBS='-lssl -lcrypto  '
OTOOL64=''
OTOOL=''
PACKAGE='megatools'
PACKAGE_BUGREPORT='megous@megous.com'
PACKAGE_NAME='megatools'
PACKAGE_STRING='megatools 1.9.94'
PACKAGE_TARNAME='megatools'
PACKAGE_URL=''
PACKAGE_VERSION='1.9.94'
PATH_SEPARATOR=':'
PKG_CONFIG='/usr/bin/pkg-config'
PKG_CONFIG_LIBDIR=''
PKG_CONFIG_PATH=''
RANLIB='ranlib'
SED='/bin/sed'
SET_MAKE=''
SHELL='/bin/bash'
STRIP='strip'
VERSION='1.9.94'
ac_ct_AR='ar'
ac_ct_CC='gcc'
ac_ct_DUMPBIN=''
am__EXEEXT_FALSE=''
am__EXEEXT_TRUE='#'
am__fastdepCC_FALSE='#'
am__fastdepCC_TRUE=''
am__include='include'
am__isrc=''
am__leading_dot='.'
am__nodep='_no'
am__quote=''
am__tar='$${TAR-tar} chof - "$$tardir"'
am__untar='$${TAR-tar} xf -'
bindir='${exec_prefix}/bin'
build='armv6l-unknown-linux-gnueabihf'
build_alias=''
build_cpu='armv6l'
build_os='linux-gnueabihf'
build_vendor='unknown'
datadir='${datarootdir}'
datarootdir='${prefix}/share'
docdir='${datarootdir}/doc/${PACKAGE_TARNAME}'
dvidir='${docdir}'
exec_prefix='${prefix}'
host='armv6l-unknown-linux-gnueabihf'
host_alias=''
host_cpu='armv6l'
host_os='linux-gnueabihf'
host_vendor='unknown'
htmldir='${docdir}'
includedir='${prefix}/include'
infodir='${datarootdir}/info'
install_sh='${SHELL} /home/chris/megatools/megatools-1.9.94/install-sh'
libdir='${exec_prefix}/lib'
libexecdir='${exec_prefix}/libexec'
localedir='${datarootdir}/locale'
localstatedir='${prefix}/var'
mandir='${datarootdir}/man'
mkdir_p='$(MKDIR_P)'
oldincludedir='/usr/include'
pdfdir='${docdir}'
prefix='/usr/local'
program_transform_name='s,x,x,'
psdir='${docdir}'
sbindir='${exec_prefix}/sbin'
sharedstatedir='${prefix}/com'
sysconfdir='${prefix}/etc'
target_alias=''

## ----------- ##
## confdefs.h. ##
## ----------- ##

/* confdefs.h */
#define PACKAGE_NAME "megatools"
#define PACKAGE_TARNAME "megatools"
#define PACKAGE_VERSION "1.9.94"
#define PACKAGE_STRING "megatools 1.9.94"
#define PACKAGE_BUGREPORT "megous@megous.com"
#define PACKAGE_URL ""
#define PACKAGE "megatools"
#define VERSION "1.9.94"
#define STDC_HEADERS 1
#define HAVE_SYS_TYPES_H 1
#define HAVE_SYS_STAT_H 1
#define HAVE_STDLIB_H 1
#define HAVE_STRING_H 1
#define HAVE_MEMORY_H 1
#define HAVE_STRINGS_H 1
#define HAVE_INTTYPES_H 1
#define HAVE_STDINT_H 1
#define HAVE_UNISTD_H 1
#define HAVE_DLFCN_H 1
#define LT_OBJDIR ".libs/"
#define STDC_HEADERS 1

configure: exit 0
